#
# A fatal error has been detected by the Java Runtime Environment:
#
#  EXCEPTION_ACCESS_VIOLATION (0xc0000005) at pc=0x0000000052097066, pid=3404, tid=0x0000000000002d8c
#
# JRE version: Java(TM) SE Runtime Environment (8.0_181-b13) (build 1.8.0_181-b13)
# Java VM: Java HotSpot(TM) 64-Bit Server VM (25.181-b13 mixed mode windows-amd64 compressed oops)
# Problematic frame:
# V  [jvm.dll+0x237066]
#
# Failed to write core dump. Minidumps are not enabled by default on client versions of Windows
#
# If you would like to submit a bug report, please visit:
#   http://bugreport.java.com/bugreport/crash.jsp
#

---------------  T H R E A D  ---------------

Current thread (0x00000000031a4000):  JavaThread "main" [_thread_in_vm, id=11660, stack(0x0000000002ee0000,0x0000000002fe0000)]

siginfo: ExceptionCode=0xc0000005, reading address 0x0000000000000008

Registers:
RAX=0x0000000000000000, RBX=0x0000000002fdf4c0, RCX=0x0000000002fdf4c0, RDX=0x0000000000000028
RSP=0x0000000002fdf200, RBP=0x0000000002fdf600, RSI=0x000000001777eaa8, RDI=0x0000000000000000
R8 =0x0000000000000000, R9 =0x0000000000000006, R10=0x000000001777eaa8, R11=0x00000000d6505d30
R12=0x00000000031a3570, R13=0x0000000000000000, R14=0x0000000002fdf638, R15=0x0000000002ede6b0
RIP=0x0000000052097066, EFLAGS=0x0000000000010206

Top of Stack: (sp=0x0000000002fdf200)
0x0000000002fdf200:   00000000d6b67ef8 0000000000000001
0x0000000002fdf210:   0000000002fdf3b8 0000000003671e74
0x0000000002fdf220:   00000000d6b621b8 00000000177a8708
0x0000000002fdf230:   0000000002fdf3b8 000000000366184c
0x0000000002fdf240:   0000000000000000 00000000d6b61628
0x0000000002fdf250:   00000000d6b62128 00000000d6b62118
0x0000000002fdf260:   00000000d6b62118 00000000d79ed250
0x0000000002fdf270:   0000000002fdf3b8 000000000355a27c
0x0000000002fdf280:   0000000002fdf3b8 00000000033c975c
0x0000000002fdf290:   000000001bead548 00000000010664c0
0x0000000002fdf2a0:   d6ad3020d707b7d0 0000000000000000
0x0000000002fdf2b0:   00000000d6b67ef8 00000000d79f3e98
0x0000000002fdf2c0:   0000000000000001 00000000d6b25618
0x0000000002fdf2d0:   0000000002fdf3b8 000000000350f7b4
0x0000000002fdf2e0:   0000000002fdf3b8 000000000357942c
0x0000000002fdf2f0:   00000000d79f3e98 0000000002fdf2f8 

Instructions: (pc=0x0000000052097066)
0x0000000052097046:   01 00 00 48 8b 05 30 a8 5b 00 48 33 c4 48 89 84
0x0000000052097056:   24 30 01 00 00 4c 63 41 10 48 8b 41 08 48 8b d9
0x0000000052097066:   42 38 54 00 08 74 33 44 0f be c2 48 8d 4c 24 20
0x0000000052097076:   48 8d 15 13 e3 3e 00 e8 ee ec de ff 48 8d 0d 97 


Register to memory mapping:

RAX=0x0000000000000000 is an unknown value
RBX=0x0000000002fdf4c0 is pointing into the stack for thread: 0x00000000031a4000
RCX=0x0000000002fdf4c0 is pointing into the stack for thread: 0x00000000031a4000
RDX=0x0000000000000028 is an unknown value
RSP=0x0000000002fdf200 is pointing into the stack for thread: 0x00000000031a4000
RBP=0x0000000002fdf600 is pointing into the stack for thread: 0x00000000031a4000
RSI={method} {0x000000001777eab0} 'main' '([Ljava/lang/String;)V' in 'OrdemDeServico'
RDI=0x0000000000000000 is an unknown value
R8 =0x0000000000000000 is an unknown value
R9 =0x0000000000000006 is an unknown value
R10={method} {0x000000001777eab0} 'main' '([Ljava/lang/String;)V' in 'OrdemDeServico'
R11=0x00000000d6505d30 is an oop
java.lang.Thread 
 - klass: 'java/lang/Thread'
R12=0x00000000031a3570 is an unknown value
R13=0x0000000000000000 is an unknown value
R14=0x0000000002fdf638 is pointing into the stack for thread: 0x00000000031a4000
R15=0x0000000002ede6b0 is an unknown value


Stack: [0x0000000002ee0000,0x0000000002fe0000],  sp=0x0000000002fdf200,  free space=1020k
Native frames: (J=compiled Java code, j=interpreted, Vv=VM code, C=native code)
V  [jvm.dll+0x237066]
V  [jvm.dll+0x23746f]
V  [jvm.dll+0x20e4a0]
V  [jvm.dll+0xbd13d]
C  0x00000000032d472c

Java frames: (J=compiled Java code, j=interpreted, Vv=VM code)
j  OrdemDeServico.main([Ljava/lang/String;)V+109
v  ~StubRoutines::call_stub

---------------  P R O C E S S  ---------------

Java Threads: ( => current thread )
  0x000000001a314800 JavaThread "TimerQueue" daemon [_thread_blocked, id=12104, stack(0x000000001c920000,0x000000001ca20000)]
  0x000000001a1d8800 JavaThread "AWT-EventQueue-0" [_thread_blocked, id=8476, stack(0x000000001bc70000,0x000000001bd70000)]
  0x000000001a118800 JavaThread "AWT-Windows" daemon [_thread_in_native, id=14908, stack(0x000000001aac0000,0x000000001abc0000)]
  0x000000001a116000 JavaThread "AWT-Shutdown" [_thread_blocked, id=12364, stack(0x000000001a9c0000,0x000000001aac0000)]
  0x000000001a112800 JavaThread "Java2D Disposer" daemon [_thread_blocked, id=11052, stack(0x000000001a8c0000,0x000000001a9c0000)]
  0x00000000197aa000 JavaThread "Service Thread" daemon [_thread_blocked, id=5264, stack(0x0000000019d70000,0x0000000019e70000)]
  0x0000000019719800 JavaThread "C1 CompilerThread2" daemon [_thread_blocked, id=14996, stack(0x0000000019c70000,0x0000000019d70000)]
  0x0000000019718000 JavaThread "C2 CompilerThread1" daemon [_thread_blocked, id=13528, stack(0x0000000019b70000,0x0000000019c70000)]
  0x0000000019715000 JavaThread "C2 CompilerThread0" daemon [_thread_blocked, id=12300, stack(0x0000000019a70000,0x0000000019b70000)]
  0x0000000017d36000 JavaThread "JDWP Command Reader" daemon [_thread_in_native, id=4776, stack(0x0000000019570000,0x0000000019670000)]
  0x0000000017d29800 JavaThread "JDWP Event Helper Thread" daemon [_thread_blocked, id=14044, stack(0x0000000019470000,0x0000000019570000)]
  0x0000000017d1c000 JavaThread "JDWP Transport Listener: dt_socket" daemon [_thread_blocked, id=336, stack(0x0000000019370000,0x0000000019470000)]
  0x0000000017d13800 JavaThread "Attach Listener" daemon [_thread_blocked, id=468, stack(0x0000000019270000,0x0000000019370000)]
  0x0000000017d12000 JavaThread "Signal Dispatcher" daemon [_thread_blocked, id=9376, stack(0x0000000019170000,0x0000000019270000)]
  0x0000000017cfa800 JavaThread "Finalizer" daemon [_thread_blocked, id=14812, stack(0x0000000018f60000,0x0000000019060000)]
  0x0000000003294000 JavaThread "Reference Handler" daemon [_thread_blocked, id=10940, stack(0x0000000018e60000,0x0000000018f60000)]
=>0x00000000031a4000 JavaThread "main" [_thread_in_vm, id=11660, stack(0x0000000002ee0000,0x0000000002fe0000)]

Other Threads:
  0x0000000017cd7800 VMThread [stack: 0x0000000018d60000,0x0000000018e60000] [id=10408]
  0x00000000197bd000 WatcherThread [stack: 0x0000000019e70000,0x0000000019f70000] [id=9032]

VM state:not at safepoint (normal execution)

VM Mutex/Monitor currently owned by a thread: None

Heap:
 PSYoungGen      total 37888K, used 21785K [0x00000000d6500000, 0x00000000d8f00000, 0x0000000100000000)
  eden space 32768K, 66% used [0x00000000d6500000,0x00000000d7a46670,0x00000000d8500000)
  from space 5120K, 0% used [0x00000000d8a00000,0x00000000d8a00000,0x00000000d8f00000)
  to   space 5120K, 0% used [0x00000000d8500000,0x00000000d8500000,0x00000000d8a00000)
 ParOldGen       total 86016K, used 0K [0x0000000082e00000, 0x0000000088200000, 0x00000000d6500000)
  object space 86016K, 0% used [0x0000000082e00000,0x0000000082e00000,0x0000000088200000)
 Metaspace       used 12045K, capacity 12264K, committed 12544K, reserved 1060864K
  class space    used 1421K, capacity 1497K, committed 1536K, reserved 1048576K

Card table byte_map: [0x0000000012660000,0x0000000012a50000] byte_map_base: 0x0000000012249000

Marking Bits: (ParMarkBitMap*) 0x0000000052682d00
 Begin Bits: [0x00000000130f0000, 0x0000000015038000)
 End Bits:   [0x0000000015038000, 0x0000000016f80000)

Polling page: 0x0000000002bc0000

CodeCache: size=245760Kb used=4534Kb max_used=4549Kb free=241225Kb
 bounds [0x00000000032a0000, 0x0000000003720000, 0x00000000122a0000]
 total_blobs=1784 nmethods=1299 adapters=404
 compilation: enabled

Compilation events (10 events):
Event: 531.428 Thread 0x0000000019719800 1408       3       javax.swing.JComponent::removeNotify (55 bytes)
Event: 531.429 Thread 0x0000000019719800 nmethod 1408 0x0000000003713cd0 code [0x0000000003713f00, 0x0000000003714938]
Event: 531.429 Thread 0x0000000019719800 1412       1       java.util.Collections::emptyList (4 bytes)
Event: 531.429 Thread 0x0000000019719800 nmethod 1412 0x00000000036ff0d0 code [0x00000000036ff220, 0x00000000036ff310]
Event: 531.429 Thread 0x0000000019719800 1409       3       javax.swing.JComponent::unregisterWithKeyboardManager (61 bytes)
Event: 531.430 Thread 0x0000000019719800 nmethod 1409 0x0000000003714d90 code [0x0000000003714fa0, 0x00000000037159a8]
Event: 531.430 Thread 0x0000000019719800 1410       3       javax.swing.JComponent::deregisterNextFocusableComponent (53 bytes)
Event: 531.431 Thread 0x0000000019719800 nmethod 1410 0x0000000003715cd0 code [0x0000000003715ec0, 0x0000000003716928]
Event: 531.431 Thread 0x0000000019719800 1411       1       sun.util.locale.BaseLocale$Key::hashCode (5 bytes)
Event: 531.431 Thread 0x0000000019719800 nmethod 1411 0x00000000033da4d0 code [0x00000000033da620, 0x00000000033da730]

GC Heap History (0 events):
No events

Deoptimization events (10 events):
Event: 526.508 Thread 0x000000001a1d8800 Uncommon trap: reason=unstable_if action=reinterpret pc=0x0000000003610ecc method=java.awt.Component.isShowing()Z @ 27
Event: 526.508 Thread 0x000000001a1d8800 Uncommon trap: reason=unstable_if action=reinterpret pc=0x0000000003610ecc method=java.awt.Component.isShowing()Z @ 27
Event: 526.508 Thread 0x000000001a1d8800 Uncommon trap: reason=unstable_if action=reinterpret pc=0x0000000003610ecc method=java.awt.Component.isShowing()Z @ 27
Event: 526.508 Thread 0x000000001a1d8800 Uncommon trap: reason=unstable_if action=reinterpret pc=0x0000000003610ecc method=java.awt.Component.isShowing()Z @ 27
Event: 526.518 Thread 0x00000000031a4000 Uncommon trap: reason=unstable_if action=reinterpret pc=0x00000000035aa658 method=java.awt.Component.getFont_NoClientCode()Ljava/awt/Font; @ 17
Event: 526.518 Thread 0x00000000031a4000 Uncommon trap: reason=unstable_if action=reinterpret pc=0x00000000035ab094 method=java.awt.Component.getFont_NoClientCode()Ljava/awt/Font; @ 17
Event: 526.526 Thread 0x00000000031a4000 Uncommon trap: reason=unstable_if action=reinterpret pc=0x000000000360d500 method=java.util.concurrent.locks.ReentrantLock$Sync.nonfairTryAcquire(I)Z @ 34
Event: 526.526 Thread 0x000000001a1d8800 Uncommon trap: reason=unstable_if action=reinterpret pc=0x000000000362807c method=java.util.concurrent.locks.ReentrantLock$Sync.nonfairTryAcquire(I)Z @ 34
Event: 526.562 Thread 0x00000000031a4000 Uncommon trap: reason=unstable_if action=reinterpret pc=0x0000000003640bac method=javax.swing.text.PlainView.updateMetrics()V @ 15
Event: 526.578 Thread 0x000000001a1d8800 Uncommon trap: reason=unstable_if action=reinterpret pc=0x00000000034adda4 method=java.util.concurrent.locks.AbstractQueuedSynchronizer.release(I)Z @ 14

Classes redefined (4 events):
Event: 9.857 Thread 0x0000000017cd7800 redefined class name=OrdemDeServico, count=1
Event: 61.016 Thread 0x0000000017cd7800 redefined class name=OrdemDeServico, count=2
Event: 386.251 Thread 0x0000000017cd7800 redefined class name=OrdemDeServico, count=3
Event: 492.775 Thread 0x0000000017cd7800 redefined class name=OrdemDeServico, count=4

Internal exceptions (10 events):
Event: 13.232 Thread 0x00000000031a4000 Exception <a 'java/security/PrivilegedActionException'> (0x00000000d6891190) thrown at [C:\re\workspace\8-2-build-windows-amd64-cygwin\jdk8u181\11358\hotspot\src\share\vm\prims\jvm.cpp, line 1435]
Event: 13.232 Thread 0x00000000031a4000 Exception <a 'java/security/PrivilegedActionException'> (0x00000000d68913a0) thrown at [C:\re\workspace\8-2-build-windows-amd64-cygwin\jdk8u181\11358\hotspot\src\share\vm\prims\jvm.cpp, line 1435]
Event: 13.247 Thread 0x00000000031a4000 Exception <a 'java/io/FileNotFoundException'> (0x00000000d68a38b0) thrown at [C:\re\workspace\8-2-build-windows-amd64-cygwin\jdk8u181\11358\hotspot\src\share\vm\prims\jni.cpp, line 709]
Event: 13.325 Thread 0x00000000031a4000 Exception <a 'java/lang/NoSuchFieldError': method resolution failed> (0x00000000d69d5058) thrown at [C:\re\workspace\8-2-build-windows-amd64-cygwin\jdk8u181\11358\hotspot\src\share\vm\prims\methodHandles.cpp, line 1167]
Event: 13.327 Thread 0x00000000031a4000 Exception <a 'java/lang/NoSuchFieldError': method resolution failed> (0x00000000d69e2ed0) thrown at [C:\re\workspace\8-2-build-windows-amd64-cygwin\jdk8u181\11358\hotspot\src\share\vm\prims\methodHandles.cpp, line 1167]
Event: 13.392 Thread 0x00000000031a4000 Implicit null exception at 0x0000000003424725 to 0x0000000003424999
Event: 13.402 Thread 0x00000000031a4000 Exception <a 'java/io/FileNotFoundException'> (0x00000000d6c93098) thrown at [C:\re\workspace\8-2-build-windows-amd64-cygwin\jdk8u181\11358\hotspot\src\share\vm\prims\jni.cpp, line 709]
Event: 526.518 Thread 0x00000000031a4000 Implicit null exception at 0x00000000035aa5dc to 0x00000000035aa642
Event: 526.518 Thread 0x00000000031a4000 Implicit null exception at 0x00000000035ab01c to 0x00000000035ab082
Event: 526.577 Thread 0x000000001a1d8800 Implicit null exception at 0x00000000034adc55 to 0x00000000034add8e

Events (10 events):
Event: 531.427 Executing VM operation: RevokeBias
Event: 531.427 Executing VM operation: RevokeBias done
Event: 531.427 Executing VM operation: RevokeBias
Event: 531.427 Executing VM operation: RevokeBias done
Event: 531.429 Thread 0x0000000019719800 flushing nmethod 0x00000000033da390
Event: 531.430 Thread 0x0000000019719800 flushing nmethod 0x000000000342a790
Event: 531.431 Thread 0x0000000019719800 flushing nmethod 0x0000000003468c50
Event: 531.431 Thread 0x0000000019719800 flushing nmethod 0x0000000003469010
Event: 531.431 Thread 0x0000000019719800 flushing nmethod 0x0000000003487190
Event: 531.431 Thread 0x0000000019719800 flushing nmethod 0x0000000003488350


Dynamic libraries:
0x00007ff7814e0000 - 0x00007ff781517000 	C:\Program Files\Java\jdk1.8.0_181\bin\java.exe
0x00007ffd8bf90000 - 0x00007ffd8c171000 	C:\WINDOWS\SYSTEM32\ntdll.dll
0x00007ffd8bc20000 - 0x00007ffd8bcd2000 	C:\WINDOWS\System32\KERNEL32.DLL
0x00007ffd88f70000 - 0x00007ffd891e3000 	C:\WINDOWS\System32\KERNELBASE.dll
0x00007ffd8ae40000 - 0x00007ffd8aee1000 	C:\WINDOWS\System32\ADVAPI32.dll
0x00007ffd8bad0000 - 0x00007ffd8bb6e000 	C:\WINDOWS\System32\msvcrt.dll
0x00007ffd8b200000 - 0x00007ffd8b25b000 	C:\WINDOWS\System32\sechost.dll
0x00007ffd8b0d0000 - 0x00007ffd8b1f4000 	C:\WINDOWS\System32\RPCRT4.dll
0x00007ffd8b790000 - 0x00007ffd8b920000 	C:\WINDOWS\System32\USER32.dll
0x00007ffd887f0000 - 0x00007ffd88810000 	C:\WINDOWS\System32\win32u.dll
0x00007ffd8baa0000 - 0x00007ffd8bac8000 	C:\WINDOWS\System32\GDI32.dll
0x00007ffd88360000 - 0x00007ffd884f2000 	C:\WINDOWS\System32\gdi32full.dll
0x00007ffd88750000 - 0x00007ffd887ef000 	C:\WINDOWS\System32\msvcp_win.dll
0x00007ffd891f0000 - 0x00007ffd892ea000 	C:\WINDOWS\System32\ucrtbase.dll
0x00007ffd79170000 - 0x00007ffd793d9000 	C:\WINDOWS\WinSxS\amd64_microsoft.windows.common-controls_6595b64144ccf1df_6.0.17134.407_none_fb449d63306391e9\COMCTL32.dll
0x00007ffd89530000 - 0x00007ffd89852000 	C:\WINDOWS\System32\combase.dll
0x00007ffd892f0000 - 0x00007ffd8936a000 	C:\WINDOWS\System32\bcryptPrimitives.dll
0x00007ffd8bb70000 - 0x00007ffd8bb9d000 	C:\WINDOWS\System32\IMM32.DLL
0x00007ffd628a0000 - 0x00007ffd629b7000 	C:\Program Files\Diebold\Warsaw\wslbscr64.dll
0x00007ffd87390000 - 0x00007ffd873c1000 	C:\WINDOWS\SYSTEM32\ntmarta.dll
0x00007ffd5a600000 - 0x00007ffd5a6f7000 	C:\Program Files\Diebold\Warsaw\wslbscrwh64.dll
0x0000000052910000 - 0x00000000529e2000 	C:\Program Files\Java\jdk1.8.0_181\jre\bin\msvcr100.dll
0x0000000051e60000 - 0x0000000052702000 	C:\Program Files\Java\jdk1.8.0_181\jre\bin\server\jvm.dll
0x00007ffd899f0000 - 0x00007ffd899f8000 	C:\WINDOWS\System32\PSAPI.DLL
0x00007ffd7ae90000 - 0x00007ffd7ae99000 	C:\WINDOWS\SYSTEM32\WSOCK32.dll
0x00007ffd7c500000 - 0x00007ffd7c523000 	C:\WINDOWS\SYSTEM32\WINMM.dll
0x00007ffd7e1b0000 - 0x00007ffd7e1ba000 	C:\WINDOWS\SYSTEM32\VERSION.dll
0x0000000002b50000 - 0x0000000002bbc000 	C:\WINDOWS\System32\WS2_32.dll
0x00007ffd7c1e0000 - 0x00007ffd7c20a000 	C:\WINDOWS\SYSTEM32\WINMMBASE.dll
0x0000000002ca0000 - 0x0000000002ce9000 	C:\WINDOWS\System32\cfgmgr32.dll
0x0000000052900000 - 0x000000005290f000 	C:\Program Files\Java\jdk1.8.0_181\jre\bin\verify.dll
0x00000000528d0000 - 0x00000000528f9000 	C:\Program Files\Java\jdk1.8.0_181\jre\bin\java.dll
0x0000000052830000 - 0x0000000052865000 	C:\Program Files\Java\jdk1.8.0_181\jre\bin\jdwp.dll
0x0000000052820000 - 0x0000000052828000 	C:\Program Files\Java\jdk1.8.0_181\jre\bin\npt.dll
0x00000000527f0000 - 0x0000000052813000 	C:\Program Files\Java\jdk1.8.0_181\jre\bin\instrument.dll
0x00000000528b0000 - 0x00000000528c6000 	C:\Program Files\Java\jdk1.8.0_181\jre\bin\zip.dll
0x00007ffd89a00000 - 0x00007ffd8ae3f000 	C:\WINDOWS\System32\SHELL32.dll
0x00007ffd89420000 - 0x00007ffd894c9000 	C:\WINDOWS\System32\shcore.dll
0x00007ffd88860000 - 0x00007ffd88f6d000 	C:\WINDOWS\System32\windows.storage.dll
0x00007ffd8aef0000 - 0x00007ffd8af41000 	C:\WINDOWS\System32\shlwapi.dll
0x00007ffd882c0000 - 0x00007ffd882d1000 	C:\WINDOWS\System32\kernel.appcore.dll
0x00007ffd88340000 - 0x00007ffd8835f000 	C:\WINDOWS\System32\profapi.dll
0x00007ffd882f0000 - 0x00007ffd8833c000 	C:\WINDOWS\System32\powrprof.dll
0x00007ffd882e0000 - 0x00007ffd882ea000 	C:\WINDOWS\System32\FLTLIB.DLL
0x00000000527e0000 - 0x00000000527e9000 	C:\Program Files\Java\jdk1.8.0_181\jre\bin\dt_socket.dll
0x00007ffd87ac0000 - 0x00007ffd87b26000 	C:\WINDOWS\system32\mswsock.dll
0x0000000051cc0000 - 0x0000000051e59000 	C:\Program Files\Java\jdk1.8.0_181\jre\bin\awt.dll
0x00007ffd8b270000 - 0x00007ffd8b332000 	C:\WINDOWS\System32\OLEAUT32.dll
0x00007ffd863e0000 - 0x00007ffd8646b000 	C:\WINDOWS\SYSTEM32\apphelp.dll
0x00007ffd86940000 - 0x00007ffd869d8000 	C:\WINDOWS\system32\uxtheme.dll
0x00007ffd8af50000 - 0x00007ffd8b0c3000 	C:\WINDOWS\System32\MSCTF.dll
0x00007ffd86c50000 - 0x00007ffd86c79000 	C:\WINDOWS\system32\dwmapi.dll
0x000000001abc0000 - 0x000000001ad11000 	C:\WINDOWS\System32\ole32.dll
0x0000000052790000 - 0x00000000527d7000 	C:\Program Files\Java\jdk1.8.0_181\jre\bin\fontmanager.dll
0x00007ffd58f40000 - 0x00007ffd59060000 	C:\WINDOWS\system32\opengl32.dll
0x00007ffd6ea90000 - 0x00007ffd6eabc000 	C:\WINDOWS\SYSTEM32\GLU32.dll
0x0000000052890000 - 0x00000000528aa000 	C:\Program Files\Java\jdk1.8.0_181\jre\bin\net.dll
0x0000000052870000 - 0x0000000052881000 	C:\Program Files\Java\jdk1.8.0_181\jre\bin\nio.dll
0x0000000052740000 - 0x0000000052782000 	C:\Program Files\Java\jdk1.8.0_181\jre\bin\t2k.dll
0x00007ffd89950000 - 0x00007ffd899f0000 	C:\WINDOWS\System32\clbcatq.dll
0x00007ffd86610000 - 0x00007ffd867be000 	C:\WINDOWS\SYSTEM32\WindowsCodecs.dll
0x00007ffd6a120000 - 0x00007ffd6a178000 	C:\WINDOWS\system32\dataexchange.dll
0x00007ffd85210000 - 0x00007ffd8551b000 	C:\WINDOWS\system32\d3d11.dll
0x00007ffd84f80000 - 0x00007ffd8511c000 	C:\WINDOWS\system32\dcomp.dll
0x00007ffd87060000 - 0x00007ffd8711b000 	C:\WINDOWS\system32\dxgi.dll
0x00007ffd86a40000 - 0x00007ffd86bf8000 	C:\WINDOWS\system32\twinapi.appcore.dll
0x00007ffd86c80000 - 0x00007ffd86ca1000 	C:\WINDOWS\system32\RMCLIENT.dll
0x00007ffd72810000 - 0x00007ffd728a6000 	C:\WINDOWS\System32\TextInputFramework.dll
0x00007ffd75e10000 - 0x00007ffd7612e000 	C:\WINDOWS\System32\CoreUIComponents.dll
0x00007ffd84500000 - 0x00007ffd845da000 	C:\WINDOWS\System32\CoreMessaging.dll
0x00007ffd85b80000 - 0x00007ffd85ccd000 	C:\WINDOWS\SYSTEM32\wintypes.dll
0x00007ffd829f0000 - 0x00007ffd82bb9000 	C:\WINDOWS\SYSTEM32\dbghelp.dll

VM Arguments:
jvm_args: -agentlib:jdwp=transport=dt_socket,address=127.0.0.1:58289,suspend=y,server=n -javaagent:C:\Users\priva\.IntelliJIdea2018.2\system\captureAgent\debugger-agent.jar=file:/C:/Users/priva/AppData/Local/Temp/capture.props -Dfile.encoding=UTF-8 
java_command: OrdemDeServico
java_class_path (initial): C:\Program Files\Java\jdk1.8.0_181\jre\lib\charsets.jar;C:\Program Files\Java\jdk1.8.0_181\jre\lib\deploy.jar;C:\Program Files\Java\jdk1.8.0_181\jre\lib\ext\access-bridge-64.jar;C:\Program Files\Java\jdk1.8.0_181\jre\lib\ext\cldrdata.jar;C:\Program Files\Java\jdk1.8.0_181\jre\lib\ext\dnsns.jar;C:\Program Files\Java\jdk1.8.0_181\jre\lib\ext\jaccess.jar;C:\Program Files\Java\jdk1.8.0_181\jre\lib\ext\jfxrt.jar;C:\Program Files\Java\jdk1.8.0_181\jre\lib\ext\localedata.jar;C:\Program Files\Java\jdk1.8.0_181\jre\lib\ext\nashorn.jar;C:\Program Files\Java\jdk1.8.0_181\jre\lib\ext\sunec.jar;C:\Program Files\Java\jdk1.8.0_181\jre\lib\ext\sunjce_provider.jar;C:\Program Files\Java\jdk1.8.0_181\jre\lib\ext\sunmscapi.jar;C:\Program Files\Java\jdk1.8.0_181\jre\lib\ext\sunpkcs11.jar;C:\Program Files\Java\jdk1.8.0_181\jre\lib\ext\zipfs.jar;C:\Program Files\Java\jdk1.8.0_181\jre\lib\javaws.jar;C:\Program Files\Java\jdk1.8.0_181\jre\lib\jce.jar;C:\Program Files\Java\jdk1.8.0_181\jre\lib\jfr.jar;C:\Program Files\Java\jdk1.8.0_181\jre\lib\jfxswt.jar;C:\Program Files\Java\jdk1.8.0_181\jre\lib\jsse.jar;C:\Program Files\Java\jdk1.8.0_181\jre\lib\management-agent.jar;C:\Program Files\Java\jdk1.8.0_181\jre\lib\plugin.jar;C:\Program Files\Java\jdk1.8.0_181\jre\lib\resources.jar;C:\Program Files\Java\jdk1.8.0_181\jre\lib\rt.jar;C:\Users\priva\Desktop\Guilherme\XML\target\test-classes;C:\Users\priva\Desktop\Guilherme\XML\target\classes;C:\Users\priva\.m2\repository\com\thoughtworks\xstream\xstream\1.4.11.1\xstream-1.4.11.1.jar;C:\Users\priva\.m2\repository\xmlpull\xmlpull\1.1.3.1\xmlpull-1.1.3.1.jar;C:\Users\priva\.m2\repository\xpp3\xpp3_min\1.1.4c\xpp3_min-1.1.4c.jar;C:\Program Files\JetBrains\IntelliJ IDEA 2018.2.6\lib\idea_rt.jar;C:\Users\priva\.IntelliJIdea2018.2\system\captureAgent\debugger-agent.jar
Launcher Type: SUN_STANDARD

Environment Variables:
JAVA_HOME=C:\Program Files\Java\jdk1.8.0_181
CLASSPATH=;C:\Program Files\Java\jdk1.8.0_181\lib;C:\Program Files\Java\jdk1.8.0_181\lib\tools.jar;C:\Program Files\Java\jdk1.8.0_181\lib\dt.jar;C:\Program Files\Java\jdk1.8.0_181\lib\htmlconverter.jar;C:\Program Files\Java\jdk1.8.0_181\jre\lib;C:\Program Files\Java\jdk1.8.0_181\jre\lib\rt.jar;
PATH=C:\Program Files (x86)\Common Files\Oracle\Java\javapath;"C:\Program Files (x86)\Common Files\Oracle\Java\javapath;C:\Program Files\Java\jdk1.8.0_181\bin";C:\WINDOWS\system32;C:\WINDOWS;C:\WINDOWS\System32\Wbem;C:\WINDOWS\System32\WindowsPowerShell\v1.0\;C:\WINDOWS\System32\OpenSSH\;C:\Program Files\Java\jdk1.8.0_181\bin;C:\Program Files\Git\cmd;C:\Users\priva\AppData\Local\Microsoft\WindowsApps;C:\Program Files\MySQL\MySQL Server 8.0\bin;
USERNAME=priva
OS=Windows_NT
PROCESSOR_IDENTIFIER=Intel64 Family 6 Model 142 Stepping 9, GenuineIntel



---------------  S Y S T E M  ---------------

OS: Windows 10.0 , 64 bit Build 17134 (10.0.17134.1)

CPU:total 4 (initial active 4) (2 cores per cpu, 2 threads per core) family 6 model 142 stepping 9, cmov, cx8, fxsr, mmx, sse, sse2, sse3, ssse3, sse4.1, sse4.2, popcnt, avx, avx2, aes, clmul, erms, 3dnowpref, lzcnt, ht, tsc, tscinvbit, bmi1, bmi2, adx

Memory: 4k page, physical 8192500k(2443856k free), swap 11600372k(1823948k free)

vm_info: Java HotSpot(TM) 64-Bit Server VM (25.181-b13) for windows-amd64 JRE (1.8.0_181-b13), built on Jul  7 2018 04:01:33 by "java_re" with MS VC++ 10.0 (VS2010)

time: Mon Nov 19 21:46:00 2018
elapsed time: 531 seconds (0d 0h 8m 51s)

