#
# A fatal error has been detected by the Java Runtime Environment:
#
#  EXCEPTION_ACCESS_VIOLATION (0xc0000005) at pc=0x0000000052097066, pid=13260, tid=0x0000000000000540
#
# JRE version: Java(TM) SE Runtime Environment (8.0_181-b13) (build 1.8.0_181-b13)
# Java VM: Java HotSpot(TM) 64-Bit Server VM (25.181-b13 mixed mode windows-amd64 compressed oops)
# Problematic frame:
# V  [jvm.dll+0x237066]
#
# Failed to write core dump. Minidumps are not enabled by default on client versions of Windows
#
# If you would like to submit a bug report, please visit:
#   http://bugreport.java.com/bugreport/crash.jsp
#

---------------  T H R E A D  ---------------

Current thread (0x0000000017d67000):  VMThread [stack: 0x0000000018e10000,0x0000000018f10000] [id=1344]

siginfo: ExceptionCode=0xc0000005, reading address 0x0000000000000008

Registers:
RAX=0x0000000000000000, RBX=0x0000000018f0ee70, RCX=0x0000000018f0ee70, RDX=0x0000000000000028
RSP=0x0000000018f0eba0, RBP=0x0000000018f0f3b0, RSI=0x0000000000000000, RDI=0x0000000018f0f540
R8 =0x0000000000000000, R9 =0x000000001780e2d8, R10=0x0000000000000008, R11=0x0000000052467f18
R12=0x0000000017c75520, R13=0x0000000018f0f370, R14=0x00000000000003d8, R15=0x0000000018f0f360
RIP=0x0000000052097066, EFLAGS=0x0000000000010202

Top of Stack: (sp=0x0000000018f0eba0)
0x0000000018f0eba0:   0000000003330790 0000000000000000
0x0000000018f0ebb0:   00000000030ef390 00000000030ef2b0
0x0000000018f0ebc0:   00000000197c5da0 00000000197c5e00
0x0000000018f0ebd0:   00000000197c5e40 000000000323c510
0x0000000018f0ebe0:   000000000323c7e0 000000000323c5a0
0x0000000018f0ebf0:   000000000323c630 000000000323c6c0
0x0000000018f0ec00:   000000000323c750 000000000323c870
0x0000000018f0ec10:   00000000030ef268 00000000030ef268
0x0000000018f0ec20:   000000000323ca20 000000000323cab0
0x0000000018f0ec30:   000000000323cb40 000000000323cbd0
0x0000000018f0ec40:   000000000323cc60 000000000323ccf0
0x0000000018f0ec50:   000000000323cd80 000000000323cea0
0x0000000018f0ec60:   000000000323ce10 000000000323cfe0
0x0000000018f0ec70:   000000000323cf50 000000000323d070
0x0000000018f0ec80:   000000000323d100 000000000323d190
0x0000000018f0ec90:   000000000323d220 000000000323d2b0 

Instructions: (pc=0x0000000052097066)
0x0000000052097046:   01 00 00 48 8b 05 30 a8 5b 00 48 33 c4 48 89 84
0x0000000052097056:   24 30 01 00 00 4c 63 41 10 48 8b 41 08 48 8b d9
0x0000000052097066:   42 38 54 00 08 74 33 44 0f be c2 48 8d 4c 24 20
0x0000000052097076:   48 8d 15 13 e3 3e 00 e8 ee ec de ff 48 8d 0d 97 


Register to memory mapping:

RAX=0x0000000000000000 is an unknown value
RBX=0x0000000018f0ee70 is an unknown value
RCX=0x0000000018f0ee70 is an unknown value
RDX=0x0000000000000028 is an unknown value
RSP=0x0000000018f0eba0 is an unknown value
RBP=0x0000000018f0f3b0 is an unknown value
RSI=0x0000000000000000 is an unknown value
RDI=0x0000000018f0f540 is an unknown value
R8 =0x0000000000000000 is an unknown value
R9 =0x000000001780e2d8 is pointing into metadata
R10=0x0000000000000008 is an unknown value
R11=0x0000000052467f18 is an unknown value
R12=0x0000000017c75520 is an unknown value
R13=0x0000000018f0f370 is an unknown value
R14=0x00000000000003d8 is an unknown value
R15=0x0000000018f0f360 is an unknown value


Stack: [0x0000000018e10000,0x0000000018f10000],  sp=0x0000000018f0eba0,  free space=1018k
Native frames: (J=compiled Java code, j=interpreted, Vv=VM code, C=native code)
V  [jvm.dll+0x237066]
V  [jvm.dll+0x2376e4]
V  [jvm.dll+0xff4a3]
V  [jvm.dll+0x102593]
V  [jvm.dll+0x10305f]
V  [jvm.dll+0x1038a5]
V  [jvm.dll+0x103af2]
V  [jvm.dll+0xc50be]
V  [jvm.dll+0xc5748]
V  [jvm.dll+0xc587a]
V  [jvm.dll+0xc5a78]
V  [jvm.dll+0x10f94a]
V  [jvm.dll+0x12d22f]
V  [jvm.dll+0x1bf3df]
V  [jvm.dll+0x24cc27]
V  [jvm.dll+0x24bec6]
V  [jvm.dll+0x24c361]
V  [jvm.dll+0x24c57e]
V  [jvm.dll+0x29e64a]
C  [msvcr100.dll+0x21d9f]
C  [msvcr100.dll+0x21e3b]
C  [KERNEL32.DLL+0x13034]
C  [ntdll.dll+0x71471]

VM_Operation (0x000000001951f2a0): GetOrSetLocal, mode: safepoint, requested by thread 0x0000000017da9800


---------------  P R O C E S S  ---------------

Java Threads: ( => current thread )
  0x000000001a360800 JavaThread "TimerQueue" daemon [_thread_blocked, id=9580, stack(0x000000001ca20000,0x000000001cb20000)]
  0x000000001a342000 JavaThread "AWT-EventQueue-0" [_thread_blocked, id=10144, stack(0x000000001bd90000,0x000000001be90000)]
  0x000000001a213000 JavaThread "AWT-Windows" daemon [_thread_blocked, id=12984, stack(0x000000001ab70000,0x000000001ac70000)]
  0x000000001a210000 JavaThread "AWT-Shutdown" [_thread_blocked, id=5352, stack(0x000000001aa70000,0x000000001ab70000)]
  0x000000001a20d800 JavaThread "Java2D Disposer" daemon [_thread_blocked, id=13772, stack(0x000000001a970000,0x000000001aa70000)]
  0x0000000019809000 JavaThread "Service Thread" daemon [_thread_blocked, id=9584, stack(0x0000000019e20000,0x0000000019f20000)]
  0x00000000197be000 JavaThread "C1 CompilerThread2" daemon [_thread_blocked, id=14200, stack(0x0000000019d20000,0x0000000019e20000)]
  0x00000000197bd000 JavaThread "C2 CompilerThread1" daemon [_thread_blocked, id=5072, stack(0x0000000019c20000,0x0000000019d20000)]
  0x00000000197ba000 JavaThread "C2 CompilerThread0" daemon [_thread_blocked, id=14880, stack(0x0000000019b20000,0x0000000019c20000)]
  0x0000000017dbd000 JavaThread "JDWP Command Reader" daemon [_thread_in_native, id=9968, stack(0x0000000019620000,0x0000000019720000)]
  0x0000000017dba000 JavaThread "JDWP Event Helper Thread" daemon [_thread_blocked, id=12964, stack(0x0000000019520000,0x0000000019620000)]
  0x0000000017da9800 JavaThread "JDWP Transport Listener: dt_socket" daemon [_thread_blocked, id=7164, stack(0x0000000019420000,0x0000000019520000)]
  0x0000000017da1000 JavaThread "Attach Listener" daemon [_thread_blocked, id=6736, stack(0x0000000019320000,0x0000000019420000)]
  0x0000000017d9f800 JavaThread "Signal Dispatcher" daemon [_thread_blocked, id=9588, stack(0x0000000019220000,0x0000000019320000)]
  0x0000000017d8a800 JavaThread "Finalizer" daemon [_thread_blocked, id=11212, stack(0x0000000019010000,0x0000000019110000)]
  0x0000000003324000 JavaThread "Reference Handler" daemon [_thread_blocked, id=5348, stack(0x0000000018f10000,0x0000000019010000)]
  0x0000000003234000 JavaThread "main" [_thread_blocked, id=11296, stack(0x0000000002ff0000,0x00000000030f0000)]

Other Threads:
=>0x0000000017d67000 VMThread [stack: 0x0000000018e10000,0x0000000018f10000] [id=1344]
  0x000000001980c000 WatcherThread [stack: 0x0000000019f20000,0x000000001a020000] [id=8164]

VM state:at safepoint (normal execution)

VM Mutex/Monitor currently owned by a thread:  ([mutex/lock_event])
[0x00000000032300d0] Threads_lock - owner thread: 0x0000000017d67000

Heap:
 PSYoungGen      total 37888K, used 21130K [0x00000000d6500000, 0x00000000d8f00000, 0x0000000100000000)
  eden space 32768K, 64% used [0x00000000d6500000,0x00000000d79a2848,0x00000000d8500000)
  from space 5120K, 0% used [0x00000000d8a00000,0x00000000d8a00000,0x00000000d8f00000)
  to   space 5120K, 0% used [0x00000000d8500000,0x00000000d8500000,0x00000000d8a00000)
 ParOldGen       total 86016K, used 0K [0x0000000082e00000, 0x0000000088200000, 0x00000000d6500000)
  object space 86016K, 0% used [0x0000000082e00000,0x0000000082e00000,0x0000000088200000)
 Metaspace       used 11794K, capacity 12050K, committed 12288K, reserved 1060864K
  class space    used 1417K, capacity 1494K, committed 1536K, reserved 1048576K

Card table byte_map: [0x00000000126f0000,0x0000000012ae0000] byte_map_base: 0x00000000122d9000

Marking Bits: (ParMarkBitMap*) 0x0000000052682d00
 Begin Bits: [0x0000000013180000, 0x00000000150c8000)
 End Bits:   [0x00000000150c8000, 0x0000000017010000)

Polling page: 0x0000000002cc0000

CodeCache: size=245760Kb used=3774Kb max_used=3786Kb free=241986Kb
 bounds [0x0000000003330000, 0x00000000036f0000, 0x0000000012330000]
 total_blobs=1576 nmethods=1093 adapters=403
 compilation: enabled

Compilation events (10 events):
Event: 609.851 Thread 0x00000000197be000 1121       3       java.lang.String::equals (81 bytes)
Event: 609.852 Thread 0x00000000197be000 nmethod 1121 0x00000000036e1910 code [0x00000000036e1aa0, 0x00000000036e1ff0]
Event: 609.955 Thread 0x00000000197be000 1122       1       javax.swing.InputMap::getParent (5 bytes)
Event: 609.956 Thread 0x00000000197be000 nmethod 1122 0x00000000034e3050 code [0x00000000034e31a0, 0x00000000034e32b0]
Event: 610.097 Thread 0x00000000197bd000 1123       4       javax.swing.JComponent::getFlag (20 bytes)
Event: 610.098 Thread 0x00000000197bd000 nmethod 1123 0x000000000367f090 code [0x000000000367f1c0, 0x000000000367f238]
Event: 610.102 Thread 0x00000000197be000 1124       1       java.lang.reflect.Field::getDeclaringClass (5 bytes)
Event: 610.102 Thread 0x00000000197be000 nmethod 1124 0x0000000003548d10 code [0x0000000003548e60, 0x0000000003548f70]
Event: 610.189 Thread 0x00000000197be000 1125       1       java.awt.event.KeyEvent::getKeyCode (5 bytes)
Event: 610.189 Thread 0x00000000197be000 nmethod 1125 0x0000000003563ad0 code [0x0000000003563c20, 0x0000000003563d30]

GC Heap History (0 events):
No events

Deoptimization events (10 events):
Event: 609.635 Thread 0x000000001a342000 Uncommon trap: reason=class_check action=maybe_recompile pc=0x00000000034db258 method=java.lang.String.equals(Ljava/lang/Object;)Z @ 8
Event: 609.635 Thread 0x000000001a342000 Uncommon trap: reason=class_check action=maybe_recompile pc=0x00000000034db258 method=java.lang.String.equals(Ljava/lang/Object;)Z @ 8
Event: 609.640 Thread 0x000000001a342000 Uncommon trap: reason=class_check action=maybe_recompile pc=0x00000000034db258 method=java.lang.String.equals(Ljava/lang/Object;)Z @ 8
Event: 609.640 Thread 0x000000001a342000 Uncommon trap: reason=class_check action=maybe_recompile pc=0x00000000034db258 method=java.lang.String.equals(Ljava/lang/Object;)Z @ 8
Event: 610.346 Thread 0x000000001a342000 Uncommon trap: reason=unstable_if action=reinterpret pc=0x000000000368230c method=java.awt.Component.isShowing()Z @ 27
Event: 610.346 Thread 0x000000001a342000 Uncommon trap: reason=unstable_if action=reinterpret pc=0x000000000368230c method=java.awt.Component.isShowing()Z @ 27
Event: 610.346 Thread 0x000000001a342000 Uncommon trap: reason=unstable_if action=reinterpret pc=0x000000000368230c method=java.awt.Component.isShowing()Z @ 27
Event: 610.346 Thread 0x000000001a342000 Uncommon trap: reason=unstable_if action=reinterpret pc=0x000000000368230c method=java.awt.Component.isShowing()Z @ 27
Event: 610.346 Thread 0x000000001a342000 Uncommon trap: reason=unstable_if action=reinterpret pc=0x000000000368230c method=java.awt.Component.isShowing()Z @ 27
Event: 610.346 Thread 0x000000001a342000 Uncommon trap: reason=unstable_if action=reinterpret pc=0x000000000368230c method=java.awt.Component.isShowing()Z @ 27

Classes redefined (4 events):
Event: 88.007 Thread 0x0000000017d67000 redefined class name=OrdemDeServico, count=1
Event: 139.176 Thread 0x0000000017d67000 redefined class name=OrdemDeServico, count=2
Event: 464.448 Thread 0x0000000017d67000 redefined class name=OrdemDeServico, count=3
Event: 570.939 Thread 0x0000000017d67000 redefined class name=OrdemDeServico, count=4

Internal exceptions (10 events):
Event: 0.036 Thread 0x0000000003234000 Exception <a 'java/lang/NoSuchMethodError': Method sun.misc.Unsafe.prefetchRead(Ljava/lang/Object;J)V name or signature does not match> (0x00000000d6507f98) thrown at [C:\re\workspace\8-2-build-windows-amd64-cygwin\jdk8u181\11358\hotspot\src\share\vm\prim
Event: 27.313 Thread 0x0000000003234000 Exception <a 'java/security/PrivilegedActionException'> (0x00000000d688cf98) thrown at [C:\re\workspace\8-2-build-windows-amd64-cygwin\jdk8u181\11358\hotspot\src\share\vm\prims\jvm.cpp, line 1435]
Event: 27.313 Thread 0x0000000003234000 Exception <a 'java/security/PrivilegedActionException'> (0x00000000d688d1a8) thrown at [C:\re\workspace\8-2-build-windows-amd64-cygwin\jdk8u181\11358\hotspot\src\share\vm\prims\jvm.cpp, line 1435]
Event: 27.314 Thread 0x0000000003234000 Exception <a 'java/security/PrivilegedActionException'> (0x00000000d6891190) thrown at [C:\re\workspace\8-2-build-windows-amd64-cygwin\jdk8u181\11358\hotspot\src\share\vm\prims\jvm.cpp, line 1435]
Event: 27.314 Thread 0x0000000003234000 Exception <a 'java/security/PrivilegedActionException'> (0x00000000d68913a0) thrown at [C:\re\workspace\8-2-build-windows-amd64-cygwin\jdk8u181\11358\hotspot\src\share\vm\prims\jvm.cpp, line 1435]
Event: 27.322 Thread 0x0000000003234000 Exception <a 'java/io/FileNotFoundException'> (0x00000000d68a38b0) thrown at [C:\re\workspace\8-2-build-windows-amd64-cygwin\jdk8u181\11358\hotspot\src\share\vm\prims\jni.cpp, line 709]
Event: 27.365 Thread 0x0000000003234000 Exception <a 'java/lang/NoSuchFieldError': method resolution failed> (0x00000000d69d5058) thrown at [C:\re\workspace\8-2-build-windows-amd64-cygwin\jdk8u181\11358\hotspot\src\share\vm\prims\methodHandles.cpp, line 1167]
Event: 27.367 Thread 0x0000000003234000 Exception <a 'java/lang/NoSuchFieldError': method resolution failed> (0x00000000d69e2ed0) thrown at [C:\re\workspace\8-2-build-windows-amd64-cygwin\jdk8u181\11358\hotspot\src\share\vm\prims\methodHandles.cpp, line 1167]
Event: 27.441 Thread 0x0000000003234000 Implicit null exception at 0x00000000034bc125 to 0x00000000034bc399
Event: 27.449 Thread 0x0000000003234000 Exception <a 'java/io/FileNotFoundException'> (0x00000000d6c93098) thrown at [C:\re\workspace\8-2-build-windows-amd64-cygwin\jdk8u181\11358\hotspot\src\share\vm\prims\jni.cpp, line 709]

Events (10 events):
Event: 610.357 Executing VM operation: RevokeBias done
Event: 610.360 Executing VM operation: RevokeBias
Event: 610.360 Executing VM operation: RevokeBias done
Event: 610.362 Executing VM operation: RevokeBias
Event: 610.362 Executing VM operation: RevokeBias done
Event: 610.362 Executing VM operation: ForceSafepoint
Event: 610.362 Executing VM operation: ForceSafepoint done
Event: 610.374 Executing VM operation: ForceSafepoint
Event: 610.374 Executing VM operation: ForceSafepoint done
Event: 610.515 Executing VM operation: GetOrSetLocal


Dynamic libraries:
0x00007ff7814e0000 - 0x00007ff781517000 	C:\Program Files\Java\jdk1.8.0_181\bin\java.exe
0x00007ffd8bf90000 - 0x00007ffd8c171000 	C:\WINDOWS\SYSTEM32\ntdll.dll
0x00007ffd8bc20000 - 0x00007ffd8bcd2000 	C:\WINDOWS\System32\KERNEL32.DLL
0x00007ffd88f70000 - 0x00007ffd891e3000 	C:\WINDOWS\System32\KERNELBASE.dll
0x00007ffd8ae40000 - 0x00007ffd8aee1000 	C:\WINDOWS\System32\ADVAPI32.dll
0x00007ffd8bad0000 - 0x00007ffd8bb6e000 	C:\WINDOWS\System32\msvcrt.dll
0x00007ffd8b200000 - 0x00007ffd8b25b000 	C:\WINDOWS\System32\sechost.dll
0x00007ffd8b0d0000 - 0x00007ffd8b1f4000 	C:\WINDOWS\System32\RPCRT4.dll
0x00007ffd8b790000 - 0x00007ffd8b920000 	C:\WINDOWS\System32\USER32.dll
0x00007ffd887f0000 - 0x00007ffd88810000 	C:\WINDOWS\System32\win32u.dll
0x00007ffd8baa0000 - 0x00007ffd8bac8000 	C:\WINDOWS\System32\GDI32.dll
0x00007ffd88360000 - 0x00007ffd884f2000 	C:\WINDOWS\System32\gdi32full.dll
0x00007ffd88750000 - 0x00007ffd887ef000 	C:\WINDOWS\System32\msvcp_win.dll
0x00007ffd891f0000 - 0x00007ffd892ea000 	C:\WINDOWS\System32\ucrtbase.dll
0x00007ffd79170000 - 0x00007ffd793d9000 	C:\WINDOWS\WinSxS\amd64_microsoft.windows.common-controls_6595b64144ccf1df_6.0.17134.407_none_fb449d63306391e9\COMCTL32.dll
0x00007ffd89530000 - 0x00007ffd89852000 	C:\WINDOWS\System32\combase.dll
0x00007ffd892f0000 - 0x00007ffd8936a000 	C:\WINDOWS\System32\bcryptPrimitives.dll
0x00007ffd8bb70000 - 0x00007ffd8bb9d000 	C:\WINDOWS\System32\IMM32.DLL
0x00007ffd628a0000 - 0x00007ffd629b7000 	C:\Program Files\Diebold\Warsaw\wslbscr64.dll
0x00007ffd87390000 - 0x00007ffd873c1000 	C:\WINDOWS\SYSTEM32\ntmarta.dll
0x00007ffd5a600000 - 0x00007ffd5a6f7000 	C:\Program Files\Diebold\Warsaw\wslbscrwh64.dll
0x0000000052910000 - 0x00000000529e2000 	C:\Program Files\Java\jdk1.8.0_181\jre\bin\msvcr100.dll
0x0000000051e60000 - 0x0000000052702000 	C:\Program Files\Java\jdk1.8.0_181\jre\bin\server\jvm.dll
0x00007ffd899f0000 - 0x00007ffd899f8000 	C:\WINDOWS\System32\PSAPI.DLL
0x00007ffd7c500000 - 0x00007ffd7c523000 	C:\WINDOWS\SYSTEM32\WINMM.dll
0x00007ffd7e1b0000 - 0x00007ffd7e1ba000 	C:\WINDOWS\SYSTEM32\VERSION.dll
0x00007ffd7c1e0000 - 0x00007ffd7c20a000 	C:\WINDOWS\SYSTEM32\WINMMBASE.dll
0x0000000002c50000 - 0x0000000002c99000 	C:\WINDOWS\System32\cfgmgr32.dll
0x00007ffd7ae90000 - 0x00007ffd7ae99000 	C:\WINDOWS\SYSTEM32\WSOCK32.dll
0x0000000002d80000 - 0x0000000002dec000 	C:\WINDOWS\System32\WS2_32.dll
0x0000000052900000 - 0x000000005290f000 	C:\Program Files\Java\jdk1.8.0_181\jre\bin\verify.dll
0x00000000528d0000 - 0x00000000528f9000 	C:\Program Files\Java\jdk1.8.0_181\jre\bin\java.dll
0x0000000052830000 - 0x0000000052865000 	C:\Program Files\Java\jdk1.8.0_181\jre\bin\jdwp.dll
0x0000000052820000 - 0x0000000052828000 	C:\Program Files\Java\jdk1.8.0_181\jre\bin\npt.dll
0x00000000527f0000 - 0x0000000052813000 	C:\Program Files\Java\jdk1.8.0_181\jre\bin\instrument.dll
0x00000000528b0000 - 0x00000000528c6000 	C:\Program Files\Java\jdk1.8.0_181\jre\bin\zip.dll
0x00007ffd89a00000 - 0x00007ffd8ae3f000 	C:\WINDOWS\System32\SHELL32.dll
0x00007ffd89420000 - 0x00007ffd894c9000 	C:\WINDOWS\System32\shcore.dll
0x00007ffd88860000 - 0x00007ffd88f6d000 	C:\WINDOWS\System32\windows.storage.dll
0x00007ffd8aef0000 - 0x00007ffd8af41000 	C:\WINDOWS\System32\shlwapi.dll
0x00007ffd882c0000 - 0x00007ffd882d1000 	C:\WINDOWS\System32\kernel.appcore.dll
0x00007ffd88340000 - 0x00007ffd8835f000 	C:\WINDOWS\System32\profapi.dll
0x00007ffd882f0000 - 0x00007ffd8833c000 	C:\WINDOWS\System32\powrprof.dll
0x00007ffd882e0000 - 0x00007ffd882ea000 	C:\WINDOWS\System32\FLTLIB.DLL
0x00000000527e0000 - 0x00000000527e9000 	C:\Program Files\Java\jdk1.8.0_181\jre\bin\dt_socket.dll
0x00007ffd87ac0000 - 0x00007ffd87b26000 	C:\WINDOWS\system32\mswsock.dll
0x0000000051cc0000 - 0x0000000051e59000 	C:\Program Files\Java\jdk1.8.0_181\jre\bin\awt.dll
0x00007ffd8b270000 - 0x00007ffd8b332000 	C:\WINDOWS\System32\OLEAUT32.dll
0x00007ffd863e0000 - 0x00007ffd8646b000 	C:\WINDOWS\SYSTEM32\apphelp.dll
0x00007ffd86940000 - 0x00007ffd869d8000 	C:\WINDOWS\system32\uxtheme.dll
0x00007ffd8af50000 - 0x00007ffd8b0c3000 	C:\WINDOWS\System32\MSCTF.dll
0x00007ffd86c50000 - 0x00007ffd86c79000 	C:\WINDOWS\system32\dwmapi.dll
0x000000001b720000 - 0x000000001b871000 	C:\WINDOWS\System32\ole32.dll
0x0000000052790000 - 0x00000000527d7000 	C:\Program Files\Java\jdk1.8.0_181\jre\bin\fontmanager.dll
0x00007ffd58f40000 - 0x00007ffd59060000 	C:\WINDOWS\system32\opengl32.dll
0x00007ffd6ea90000 - 0x00007ffd6eabc000 	C:\WINDOWS\SYSTEM32\GLU32.dll
0x0000000052890000 - 0x00000000528aa000 	C:\Program Files\Java\jdk1.8.0_181\jre\bin\net.dll
0x0000000052870000 - 0x0000000052881000 	C:\Program Files\Java\jdk1.8.0_181\jre\bin\nio.dll
0x0000000052740000 - 0x0000000052782000 	C:\Program Files\Java\jdk1.8.0_181\jre\bin\t2k.dll
0x00007ffd89950000 - 0x00007ffd899f0000 	C:\WINDOWS\System32\clbcatq.dll
0x00007ffd86610000 - 0x00007ffd867be000 	C:\WINDOWS\SYSTEM32\WindowsCodecs.dll
0x00007ffd6a120000 - 0x00007ffd6a178000 	C:\WINDOWS\system32\dataexchange.dll
0x00007ffd85210000 - 0x00007ffd8551b000 	C:\WINDOWS\system32\d3d11.dll
0x00007ffd84f80000 - 0x00007ffd8511c000 	C:\WINDOWS\system32\dcomp.dll
0x00007ffd87060000 - 0x00007ffd8711b000 	C:\WINDOWS\system32\dxgi.dll
0x00007ffd86a40000 - 0x00007ffd86bf8000 	C:\WINDOWS\system32\twinapi.appcore.dll
0x00007ffd86c80000 - 0x00007ffd86ca1000 	C:\WINDOWS\system32\RMCLIENT.dll
0x00007ffd72810000 - 0x00007ffd728a6000 	C:\WINDOWS\System32\TextInputFramework.dll
0x00007ffd84500000 - 0x00007ffd845da000 	C:\WINDOWS\System32\CoreMessaging.dll
0x00007ffd75e10000 - 0x00007ffd7612e000 	C:\WINDOWS\System32\CoreUIComponents.dll
0x00007ffd85b80000 - 0x00007ffd85ccd000 	C:\WINDOWS\SYSTEM32\wintypes.dll
0x00007ffd829f0000 - 0x00007ffd82bb9000 	C:\WINDOWS\SYSTEM32\dbghelp.dll

VM Arguments:
jvm_args: -agentlib:jdwp=transport=dt_socket,address=127.0.0.1:58276,suspend=y,server=n -javaagent:C:\Users\priva\.IntelliJIdea2018.2\system\captureAgent\debugger-agent.jar=file:/C:/Users/priva/AppData/Local/Temp/capture.props -Dfile.encoding=UTF-8 
java_command: OrdemDeServico
java_class_path (initial): C:\Program Files\Java\jdk1.8.0_181\jre\lib\charsets.jar;C:\Program Files\Java\jdk1.8.0_181\jre\lib\deploy.jar;C:\Program Files\Java\jdk1.8.0_181\jre\lib\ext\access-bridge-64.jar;C:\Program Files\Java\jdk1.8.0_181\jre\lib\ext\cldrdata.jar;C:\Program Files\Java\jdk1.8.0_181\jre\lib\ext\dnsns.jar;C:\Program Files\Java\jdk1.8.0_181\jre\lib\ext\jaccess.jar;C:\Program Files\Java\jdk1.8.0_181\jre\lib\ext\jfxrt.jar;C:\Program Files\Java\jdk1.8.0_181\jre\lib\ext\localedata.jar;C:\Program Files\Java\jdk1.8.0_181\jre\lib\ext\nashorn.jar;C:\Program Files\Java\jdk1.8.0_181\jre\lib\ext\sunec.jar;C:\Program Files\Java\jdk1.8.0_181\jre\lib\ext\sunjce_provider.jar;C:\Program Files\Java\jdk1.8.0_181\jre\lib\ext\sunmscapi.jar;C:\Program Files\Java\jdk1.8.0_181\jre\lib\ext\sunpkcs11.jar;C:\Program Files\Java\jdk1.8.0_181\jre\lib\ext\zipfs.jar;C:\Program Files\Java\jdk1.8.0_181\jre\lib\javaws.jar;C:\Program Files\Java\jdk1.8.0_181\jre\lib\jce.jar;C:\Program Files\Java\jdk1.8.0_181\jre\lib\jfr.jar;C:\Program Files\Java\jdk1.8.0_181\jre\lib\jfxswt.jar;C:\Program Files\Java\jdk1.8.0_181\jre\lib\jsse.jar;C:\Program Files\Java\jdk1.8.0_181\jre\lib\management-agent.jar;C:\Program Files\Java\jdk1.8.0_181\jre\lib\plugin.jar;C:\Program Files\Java\jdk1.8.0_181\jre\lib\resources.jar;C:\Program Files\Java\jdk1.8.0_181\jre\lib\rt.jar;C:\Users\priva\Desktop\Guilherme\XML\target\test-classes;C:\Users\priva\Desktop\Guilherme\XML\target\classes;C:\Users\priva\.m2\repository\com\thoughtworks\xstream\xstream\1.4.11.1\xstream-1.4.11.1.jar;C:\Users\priva\.m2\repository\xmlpull\xmlpull\1.1.3.1\xmlpull-1.1.3.1.jar;C:\Users\priva\.m2\repository\xpp3\xpp3_min\1.1.4c\xpp3_min-1.1.4c.jar;C:\Program Files\JetBrains\IntelliJ IDEA 2018.2.6\lib\idea_rt.jar;C:\Users\priva\.IntelliJIdea2018.2\system\captureAgent\debugger-agent.jar
Launcher Type: SUN_STANDARD

Environment Variables:
JAVA_HOME=C:\Program Files\Java\jdk1.8.0_181
CLASSPATH=;C:\Program Files\Java\jdk1.8.0_181\lib;C:\Program Files\Java\jdk1.8.0_181\lib\tools.jar;C:\Program Files\Java\jdk1.8.0_181\lib\dt.jar;C:\Program Files\Java\jdk1.8.0_181\lib\htmlconverter.jar;C:\Program Files\Java\jdk1.8.0_181\jre\lib;C:\Program Files\Java\jdk1.8.0_181\jre\lib\rt.jar;
PATH=C:\Program Files (x86)\Common Files\Oracle\Java\javapath;"C:\Program Files (x86)\Common Files\Oracle\Java\javapath;C:\Program Files\Java\jdk1.8.0_181\bin";C:\WINDOWS\system32;C:\WINDOWS;C:\WINDOWS\System32\Wbem;C:\WINDOWS\System32\WindowsPowerShell\v1.0\;C:\WINDOWS\System32\OpenSSH\;C:\Program Files\Java\jdk1.8.0_181\bin;C:\Program Files\Git\cmd;C:\Users\priva\AppData\Local\Microsoft\WindowsApps;C:\Program Files\MySQL\MySQL Server 8.0\bin;
USERNAME=priva
OS=Windows_NT
PROCESSOR_IDENTIFIER=Intel64 Family 6 Model 142 Stepping 9, GenuineIntel



---------------  S Y S T E M  ---------------

OS: Windows 10.0 , 64 bit Build 17134 (10.0.17134.1)

CPU:total 4 (initial active 4) (2 cores per cpu, 2 threads per core) family 6 model 142 stepping 9, cmov, cx8, fxsr, mmx, sse, sse2, sse3, ssse3, sse4.1, sse4.2, popcnt, avx, avx2, aes, clmul, erms, 3dnowpref, lzcnt, ht, tsc, tscinvbit, bmi1, bmi2, adx

Memory: 4k page, physical 8192500k(2499108k free), swap 11600372k(2078380k free)

vm_info: Java HotSpot(TM) 64-Bit Server VM (25.181-b13) for windows-amd64 JRE (1.8.0_181-b13), built on Jul  7 2018 04:01:33 by "java_re" with MS VC++ 10.0 (VS2010)

time: Mon Nov 19 21:46:01 2018
elapsed time: 610 seconds (0d 0h 10m 10s)

